{
  "RSpec": {
    "coverage": {
      "/Users/student/bookmark_manager/app.rb": [
        1,
        1,
        null,
        1,
        1,
        1,
        null,
        null,
        1,
        1,
        1,
        null,
        null,
        1,
        null
      ],
      "/Users/student/bookmark_manager/lib/bookmark.rb": [
        1,
        null,
        1,
        1,
        2,
        2,
        12,
        null,
        null
      ],
      "/Users/student/bookmark_manager/spec/bookmark_spec.rb": [
        1,
        null,
        1,
        1,
        1,
        null,
        null,
        null
      ],
      "/Users/student/bookmark_manager/spec/features/bookmarks_spec.rb": [
        1,
        1,
        1,
        1,
        null,
        null
      ],
      "/Users/student/bookmark_manager/spec/features/index_spec.rb": [
        null,
        null,
        1,
        1,
        1,
        1,
        null,
        null
      ]
    },
    "timestamp": 1574871983
  }
}
